<?xml version="1.0" encoding="UTF-8"?>
<!-- Generated by org.testng.reporters.JUnitReportReporter -->
<testsuite hostname="DESKTOP-KFSKP86" name="com.qa.hubspot.allMyTest.loginPageTest" tests="1" failures="0" timestamp="22 Jul 2019 02:18:29 GMT" time="11.330" errors="0">
  <testcase name="verifyLoginPageTitle" time="11.330" classname="com.qa.hubspot.allMyTest.loginPageTest"/>
</testsuite> <!-- com.qa.hubspot.allMyTest.loginPageTest -->
