<?xml version="1.0" encoding="UTF-8"?>
<!-- Generated by org.testng.reporters.JUnitReportReporter -->
<testsuite hostname="DESKTOP-KFSKP86" name="com.qa.hubspot.allMyTest.HomePagetTest" tests="3" failures="0" timestamp="13 Jul 2019 05:12:51 GMT" time="55.506" errors="0">
  <testcase name="HomePageTitle" time="19.598" classname="com.qa.hubspot.allMyTest.HomePagetTest"/>
  <testcase name="dashBoard" time="17.969" classname="com.qa.hubspot.allMyTest.HomePagetTest"/>
  <testcase name="AccounName" time="17.939" classname="com.qa.hubspot.allMyTest.HomePagetTest"/>
</testsuite> <!-- com.qa.hubspot.allMyTest.HomePagetTest -->
