<?xml version="1.0" encoding="UTF-8"?>
<!-- Generated by org.testng.reporters.JUnitReportReporter -->
<testsuite hostname="DESKTOP-KFSKP86" name="com.qa.hubspot.allMyTest.LoginPageTestNPF" tests="1" failures="0" timestamp="20 Jul 2019 03:59:19 GMT" time="20.926" errors="0">
  <testcase name="verifysignUpLinkTest" time="20.926" classname="com.qa.hubspot.allMyTest.LoginPageTestNPF"/>
</testsuite> <!-- com.qa.hubspot.allMyTest.LoginPageTestNPF -->
